\BOOKMARK [0][-]{chapter.1}{\376\377\000C\000l\000a\000s\000s\000\040\000I\000n\000d\000e\000x}{}
\BOOKMARK [1][-]{section.1.1}{\376\377\000C\000l\000a\000s\000s\000\040\000L\000i\000s\000t}{chapter.1}
\BOOKMARK [0][-]{chapter.2}{\376\377\000F\000i\000l\000e\000\040\000I\000n\000d\000e\000x}{}
\BOOKMARK [1][-]{section.2.1}{\376\377\000F\000i\000l\000e\000\040\000L\000i\000s\000t}{chapter.2}
\BOOKMARK [0][-]{chapter.3}{\376\377\000C\000l\000a\000s\000s\000\040\000D\000o\000c\000u\000m\000e\000n\000t\000a\000t\000i\000o\000n}{}
\BOOKMARK [1][-]{section.3.1}{\376\377\000R\000e\000u\000s\000e\000D\000i\000s\000t\000a\000n\000c\000e\000\040\000C\000l\000a\000s\000s\000\040\000R\000e\000f\000e\000r\000e\000n\000c\000e}{chapter.3}
\BOOKMARK [2][-]{subsection.3.1.1}{\376\377\000D\000e\000t\000a\000i\000l\000e\000d\000\040\000D\000e\000s\000c\000r\000i\000p\000t\000i\000o\000n}{section.3.1}
\BOOKMARK [2][-]{subsection.3.1.2}{\376\377\000C\000o\000n\000s\000t\000r\000u\000c\000t\000o\000r\000\040\000\046\000\040\000D\000e\000s\000t\000r\000u\000c\000t\000o\000r\000\040\000D\000o\000c\000u\000m\000e\000n\000t\000a\000t\000i\000o\000n}{section.3.1}
\BOOKMARK [3][-]{subsubsection.3.1.2.1}{\376\377\000R\000e\000u\000s\000e\000D\000i\000s\000t\000a\000n\000c\000e}{subsection.3.1.2}
\BOOKMARK [3][-]{subsubsection.3.1.2.2}{\376\377\000R\000e\000u\000s\000e\000D\000i\000s\000t\000a\000n\000c\000e}{subsection.3.1.2}
\BOOKMARK [3][-]{subsubsection.3.1.2.3}{\376\377\000R\000e\000u\000s\000e\000D\000i\000s\000t\000a\000n\000c\000e}{subsection.3.1.2}
\BOOKMARK [2][-]{subsection.3.1.3}{\376\377\000M\000e\000m\000b\000e\000r\000\040\000F\000u\000n\000c\000t\000i\000o\000n\000\040\000D\000o\000c\000u\000m\000e\000n\000t\000a\000t\000i\000o\000n}{section.3.1}
\BOOKMARK [3][-]{subsubsection.3.1.3.1}{\376\377\000G\000e\000t\000A\000c\000t\000i\000v\000e\000A\000d\000d\000r\000e\000s\000s\000e\000s}{subsection.3.1.3}
\BOOKMARK [3][-]{subsubsection.3.1.3.2}{\376\377\000G\000e\000t\000C\000u\000r\000r\000e\000n\000t\000S\000e\000q\000u\000e\000n\000c\000e}{subsection.3.1.3}
\BOOKMARK [3][-]{subsubsection.3.1.3.3}{\376\377\000G\000e\000t\000D\000i\000s\000t\000a\000n\000c\000e}{subsection.3.1.3}
\BOOKMARK [3][-]{subsubsection.3.1.3.4}{\376\377\000G\000e\000t\000I\000n\000d\000i\000c\000e\000s}{subsection.3.1.3}
\BOOKMARK [3][-]{subsubsection.3.1.3.5}{\376\377\000G\000e\000t\000S\000e\000q\000u\000e\000n\000c\000e\000V\000a\000l\000u\000e}{subsection.3.1.3}
\BOOKMARK [3][-]{subsubsection.3.1.3.6}{\376\377\000G\000e\000t\000S\000t\000a\000t\000s}{subsection.3.1.3}
\BOOKMARK [3][-]{subsubsection.3.1.3.7}{\376\377\000G\000e\000t\000W\000i\000n\000d\000o\000w\000S\000i\000z\000e}{subsection.3.1.3}
\BOOKMARK [3][-]{subsubsection.3.1.3.8}{\376\377\000I\000n\000c\000r\000e\000m\000e\000n\000t\000S\000e\000q\000u\000e\000n\000c\000e}{subsection.3.1.3}
\BOOKMARK [3][-]{subsubsection.3.1.3.9}{\376\377\000P\000r\000i\000n\000t}{subsection.3.1.3}
\BOOKMARK [3][-]{subsubsection.3.1.3.10}{\376\377\000P\000r\000i\000n\000t}{subsection.3.1.3}
\BOOKMARK [3][-]{subsubsection.3.1.3.11}{\376\377\000P\000r\000o\000c\000e\000s\000s}{subsection.3.1.3}
\BOOKMARK [3][-]{subsubsection.3.1.3.12}{\376\377\000P\000r\000o\000c\000e\000s\000s}{subsection.3.1.3}
\BOOKMARK [3][-]{subsubsection.3.1.3.13}{\376\377\000P\000r\000o\000c\000e\000s\000s}{subsection.3.1.3}
\BOOKMARK [3][-]{subsubsection.3.1.3.14}{\376\377\000P\000r\000o\000c\000e\000s\000s}{subsection.3.1.3}
\BOOKMARK [1][-]{section.3.2}{\376\377\000R\000e\000u\000s\000e\000E\000n\000t\000r\000y\000\040\000S\000t\000r\000u\000c\000t\000\040\000R\000e\000f\000e\000r\000e\000n\000c\000e}{chapter.3}
\BOOKMARK [2][-]{subsection.3.2.1}{\376\377\000D\000e\000t\000a\000i\000l\000e\000d\000\040\000D\000e\000s\000c\000r\000i\000p\000t\000i\000o\000n}{section.3.2}
\BOOKMARK [2][-]{subsection.3.2.2}{\376\377\000M\000e\000m\000b\000e\000r\000\040\000D\000a\000t\000a\000\040\000D\000o\000c\000u\000m\000e\000n\000t\000a\000t\000i\000o\000n}{section.3.2}
\BOOKMARK [3][-]{subsubsection.3.2.2.1}{\376\377\000a\000d\000d\000r\000e\000s\000s}{subsection.3.2.2}
\BOOKMARK [3][-]{subsubsection.3.2.2.2}{\376\377\000i\000d}{subsection.3.2.2}
\BOOKMARK [1][-]{section.3.3}{\376\377\000R\000e\000u\000s\000e\000S\000t\000a\000t\000s\000\040\000C\000l\000a\000s\000s\000\040\000R\000e\000f\000e\000r\000e\000n\000c\000e}{chapter.3}
\BOOKMARK [2][-]{subsection.3.3.1}{\376\377\000D\000e\000t\000a\000i\000l\000e\000d\000\040\000D\000e\000s\000c\000r\000i\000p\000t\000i\000o\000n}{section.3.3}
\BOOKMARK [2][-]{subsection.3.3.2}{\376\377\000C\000o\000n\000s\000t\000r\000u\000c\000t\000o\000r\000\040\000\046\000\040\000D\000e\000s\000t\000r\000u\000c\000t\000o\000r\000\040\000D\000o\000c\000u\000m\000e\000n\000t\000a\000t\000i\000o\000n}{section.3.3}
\BOOKMARK [3][-]{subsubsection.3.3.2.1}{\376\377\000R\000e\000u\000s\000e\000S\000t\000a\000t\000s}{subsection.3.3.2}
\BOOKMARK [3][-]{subsubsection.3.3.2.2}{\376\377\000R\000e\000u\000s\000e\000S\000t\000a\000t\000s}{subsection.3.3.2}
\BOOKMARK [2][-]{subsection.3.3.3}{\376\377\000M\000e\000m\000b\000e\000r\000\040\000F\000u\000n\000c\000t\000i\000o\000n\000\040\000D\000o\000c\000u\000m\000e\000n\000t\000a\000t\000i\000o\000n}{section.3.3}
\BOOKMARK [3][-]{subsubsection.3.3.3.1}{\376\377\000C\000o\000u\000n\000t\000D\000i\000s\000t\000a\000n\000c\000e}{subsection.3.3.3}
\BOOKMARK [3][-]{subsubsection.3.3.3.2}{\376\377\000C\000o\000u\000n\000t\000D\000i\000s\000t\000a\000n\000c\000e}{subsection.3.3.3}
\BOOKMARK [3][-]{subsubsection.3.3.3.3}{\376\377\000G\000e\000t\000A\000c\000c\000e\000s\000s\000C\000o\000u\000n\000t}{subsection.3.3.3}
\BOOKMARK [3][-]{subsubsection.3.3.3.4}{\376\377\000G\000e\000t\000M\000a\000x\000i\000m\000u\000m\000D\000i\000s\000t\000a\000n\000c\000e}{subsection.3.3.3}
\BOOKMARK [3][-]{subsubsection.3.3.3.5}{\376\377\000G\000e\000t\000S\000o\000r\000t\000e\000d\000D\000i\000s\000t\000a\000n\000c\000e\000s}{subsection.3.3.3}
\BOOKMARK [3][-]{subsubsection.3.3.3.6}{\376\377\000P\000r\000i\000n\000t}{subsection.3.3.3}
\BOOKMARK [3][-]{subsubsection.3.3.3.7}{\376\377\000U\000p\000d\000a\000t\000e}{subsection.3.3.3}
\BOOKMARK [0][-]{chapter.4}{\376\377\000F\000i\000l\000e\000\040\000D\000o\000c\000u\000m\000e\000n\000t\000a\000t\000i\000o\000n}{}
\BOOKMARK [1][-]{section.4.1}{\376\377\000R\000e\000u\000s\000e\000D\000i\000s\000t\000a\000n\000c\000e\000.\000c\000p\000p\000\040\000F\000i\000l\000e\000\040\000R\000e\000f\000e\000r\000e\000n\000c\000e}{chapter.4}
\BOOKMARK [1][-]{section.4.2}{\376\377\000R\000e\000u\000s\000e\000D\000i\000s\000t\000a\000n\000c\000e\000.\000h\000p\000p\000\040\000F\000i\000l\000e\000\040\000R\000e\000f\000e\000r\000e\000n\000c\000e}{chapter.4}
\BOOKMARK [2][-]{subsection.4.2.1}{\376\377\000D\000e\000t\000a\000i\000l\000e\000d\000\040\000D\000e\000s\000c\000r\000i\000p\000t\000i\000o\000n}{section.4.2}
\BOOKMARK [2][-]{subsection.4.2.2}{\376\377\000L\000I\000C\000E\000N\000S\000E}{section.4.2}
\BOOKMARK [2][-]{subsection.4.2.3}{\376\377\000D\000E\000S\000C\000R\000I\000P\000T\000I\000O\000N}{section.4.2}
\BOOKMARK [2][-]{subsection.4.2.4}{\376\377\000D\000e\000f\000i\000n\000e\000\040\000D\000o\000c\000u\000m\000e\000n\000t\000a\000t\000i\000o\000n}{section.4.2}
\BOOKMARK [3][-]{subsubsection.4.2.4.1}{\376\377\000E\000N\000D\000L}{subsection.4.2.4}
\BOOKMARK [3][-]{subsubsection.4.2.4.2}{\376\377\000r\000e\000u\000s\000e\000\137\000m\000a\000p\000\137\000t\000y\000p\000e}{subsection.4.2.4}
\BOOKMARK [3][-]{subsubsection.4.2.4.3}{\376\377\000T\000A\000B}{subsection.4.2.4}
